<?xml version="1.0" encoding="UTF-8"?>
<!-- Generated by org.testng.reporters.JUnitXMLReporter -->
<testsuite ignored="0" hostname="MacBook-Air-Anushka.local" failures="0" tests="2" name="Firefox Test" time="2.285" errors="0" timestamp="2025-07-03T18:18:00 GST">
  <testcase classname="com.BookFlight.testcases.TestCases" name="searchFlightTickets" time="0.0">
    <skipped/>
  </testcase> <!-- searchFlightTickets -->
  <testcase classname="com.BookFlight.testcases.TestCases" name="selectFlightTicket" time="0.0">
    <skipped/>
  </testcase> <!-- selectFlightTicket -->
</testsuite> <!-- Firefox Test -->
